Using pre-set license
Built from '2021.2/staging' branch; Version is '2021.2.2f1 (5e2b1e92c7f8) revision 6171422'; Using compiler version '192829333'; Build Type 'Release'
OS: 'Windows 10 Home; OS build 19042.1526; Version 2009; 64bit' Language: 'en' Physical Memory: 8046 MB
BatchMode: 1, IsHumanControllingUs: 0, StartBugReporterOnCrash: 0, Is64bit: 1, IsPro: 0

COMMAND LINE ARGUMENTS:
D:\Programs\Unity Editors Installations\Editor\Unity.exe
-adb2
-batchMode
-noUpm
-name
AssetImportWorker6
-projectPath
D:/Madragora/Unity/MADRAGORA
-logFile
Logs/AssetImportWorker6.log
-srvPort
49944
Successfully changed project path to: D:/Madragora/Unity/MADRAGORA
D:/Madragora/Unity/MADRAGORA
[UnityMemory] Configuration Parameters - Can be set up in boot.config
    "memorysetup-bucket-allocator-granularity=16"
    "memorysetup-bucket-allocator-bucket-count=8"
    "memorysetup-bucket-allocator-block-size=33554432"
    "memorysetup-bucket-allocator-block-count=8"
    "memorysetup-main-allocator-block-size=16777216"
    "memorysetup-thread-allocator-block-size=16777216"
    "memorysetup-gfx-main-allocator-block-size=16777216"
    "memorysetup-gfx-thread-allocator-block-size=16777216"
    "memorysetup-cache-allocator-block-size=4194304"
    "memorysetup-typetree-allocator-block-size=2097152"
    "memorysetup-profiler-bucket-allocator-granularity=16"
    "memorysetup-profiler-bucket-allocator-bucket-count=8"
    "memorysetup-profiler-bucket-allocator-block-size=33554432"
    "memorysetup-profiler-bucket-allocator-block-count=8"
    "memorysetup-profiler-allocator-block-size=16777216"
    "memorysetup-profiler-editor-allocator-block-size=1048576"
    "memorysetup-temp-allocator-size-main=16777216"
    "memorysetup-job-temp-allocator-block-size=2097152"
    "memorysetup-job-temp-allocator-block-size-background=1048576"
    "memorysetup-job-temp-allocator-reduction-small-platforms=262144"
    "memorysetup-temp-allocator-size-background-worker=32768"
    "memorysetup-temp-allocator-size-job-worker=262144"
    "memorysetup-temp-allocator-size-preload-manager=33554432"
    "memorysetup-temp-allocator-size-nav-mesh-worker=65536"
    "memorysetup-temp-allocator-size-audio-worker=65536"
    "memorysetup-temp-allocator-size-cloud-worker=32768"
    "memorysetup-temp-allocator-size-gi-baking-worker=262144"
    "memorysetup-temp-allocator-size-gfx=262144"
Refreshing native plugins compatible for Editor in 119.10 ms, found 4 plugins.
Preloading 0 native plugins for Editor in 0.00 ms.
Initialize engine version: 2021.2.2f1 (5e2b1e92c7f8)
[Subsystems] Discovering subsystems at path D:/Programs/Unity Editors Installations/Editor/Data/Resources/UnitySubsystems
[Subsystems] Discovering subsystems at path D:/Madragora/Unity/MADRAGORA/Assets
GfxDevice: creating device client; threaded=0; jobified=0
Direct3D:
    Version:  Direct3D 11.0 [level 11.1]
    Renderer: NVIDIA GeForce GTX 1050 Ti (ID=0x1c8c)
    Vendor:   NVIDIA
    VRAM:     4021 MB
    Driver:   25.21.14.2546
Initialize mono
Mono path[0] = 'D:/Programs/Unity Editors Installations/Editor/Data/Managed'
Mono path[1] = 'D:/Programs/Unity Editors Installations/Editor/Data/MonoBleedingEdge/lib/mono/unityjit-win32'
Mono config path = 'D:/Programs/Unity Editors Installations/Editor/Data/MonoBleedingEdge/etc'
Using monoOptions --debugger-agent=transport=dt_socket,embedding=1,server=y,suspend=n,address=127.0.0.1:56572
Begin MonoManager ReloadAssembly
Registering precompiled unity dll's ...
Register platform support module: D:/Programs/Unity Editors Installations/Editor/Data/PlaybackEngines/WebGLSupport/UnityEditor.WebGL.Extensions.dll
Register platform support module: D:/Programs/Unity Editors Installations/Editor/Data/PlaybackEngines/WindowsStandaloneSupport/UnityEditor.WindowsStandalone.Extensions.dll
Registered in 0.003806 seconds.
Native extension for WindowsStandalone target not found
Native extension for WebGL target not found
Refreshing native plugins compatible for Editor in 108.49 ms, found 4 plugins.
Preloading 0 native plugins for Editor in 0.00 ms.
Mono: successfully reloaded assembly
- Completed reload, in  0.801 seconds
Domain Reload Profiling:
	ReloadAssembly (801ms)
		BeginReloadAssembly (89ms)
			ExecutionOrderSort (0ms)
			DisableScriptedObjects (0ms)
			BackupInstance (0ms)
			ReleaseScriptingObjects (0ms)
			CreateAndSetChildDomain (1ms)
		EndReloadAssembly (621ms)
			LoadAssemblies (88ms)
			RebuildTransferFunctionScriptingTraits (0ms)
			SetupTypeCache (134ms)
			ReleaseScriptCaches (0ms)
			RebuildScriptCaches (36ms)
			SetupLoadedEditorAssemblies (385ms)
				LogAssemblyErrors (0ms)
				InitializePlatformSupportModulesInManaged (19ms)
				SetLoadedEditorAssemblies (0ms)
				RefreshPlugins (109ms)
				BeforeProcessingInitializeOnLoad (2ms)
				ProcessInitializeOnLoadAttributes (182ms)
				ProcessInitializeOnLoadMethodAttributes (73ms)
				AfterProcessingInitializeOnLoad (0ms)
				EditorAssembliesLoaded (0ms)
			ExecutionOrderSort2 (0ms)
			AwakeInstancesAfterBackupRestoration (0ms)
Platform modules already initialized, skipping
Registering precompiled user dll's ...
Registered in 0.005775 seconds.
Begin MonoManager ReloadAssembly
Symbol file LoadedFromMemory doesn't match image D:\Madragora\Unity\MADRAGORA\Library\PackageCache\com.unity.visualscripting@1.7.5\Editor\VisualScripting.Core\Dependencies\YamlDotNet\Unity.VisualScripting.YamlDotNet.dll
Symbol file LoadedFromMemory doesn't match image D:\Madragora\Unity\MADRAGORA\Library\PackageCache\com.unity.visualscripting@1.7.5\Editor\VisualScripting.Core\Dependencies\DotNetZip\Unity.VisualScripting.IonicZip.dll
Native extension for WindowsStandalone target not found
Native extension for WebGL target not found
Refreshing native plugins compatible for Editor in 114.57 ms, found 4 plugins.
Preloading 0 native plugins for Editor in 0.00 ms.
Mono: successfully reloaded assembly
- Completed reload, in 10.262 seconds
Domain Reload Profiling:
	ReloadAssembly (10264ms)
		BeginReloadAssembly (227ms)
			ExecutionOrderSort (0ms)
			DisableScriptedObjects (9ms)
			BackupInstance (0ms)
			ReleaseScriptingObjects (2ms)
			CreateAndSetChildDomain (34ms)
		EndReloadAssembly (9790ms)
			LoadAssemblies (1995ms)
			RebuildTransferFunctionScriptingTraits (0ms)
			SetupTypeCache (1232ms)
			ReleaseScriptCaches (2ms)
			RebuildScriptCaches (71ms)
			SetupLoadedEditorAssemblies (6343ms)
				LogAssemblyErrors (0ms)
				InitializePlatformSupportModulesInManaged (15ms)
				SetLoadedEditorAssemblies (0ms)
				RefreshPlugins (115ms)
				BeforeProcessingInitializeOnLoad (122ms)
				ProcessInitializeOnLoadAttributes (5876ms)
				ProcessInitializeOnLoadMethodAttributes (212ms)
				AfterProcessingInitializeOnLoad (3ms)
				EditorAssembliesLoaded (0ms)
			ExecutionOrderSort2 (0ms)
			AwakeInstancesAfterBackupRestoration (13ms)
Platform modules already initialized, skipping
========================================================================
Worker process is ready to serve import requests
Launched and connected shader compiler UnityShaderCompiler.exe after 0.49 seconds
Refreshing native plugins compatible for Editor in 0.78 ms, found 4 plugins.
Preloading 0 native plugins for Editor in 0.00 ms.
Unloading 3912 Unused Serialized files (Serialized files now loaded: 0)
Unloading 37 unused Assets / (55.9 KB). Loaded Objects now: 4371.
Memory consumption went from 150.0 MB to 149.9 MB.
Total: 4.992500 ms (FindLiveObjects: 0.347600 ms CreateObjectMapping: 0.193200 ms MarkObjects: 4.344900 ms  DeleteObjects: 0.105800 ms)

AssetImportParameters requested are different than current active one (requested -> active):
  custom:video-decoder-ogg-theora: a1e56fd34408186e4bbccfd4996cb3dc -> 
  custom:container-muxer-webm: aa71ff27fc2769a1b78a27578f13a17b -> 
  custom:container-demuxer-webm: 4f35f7cbe854078d1ac9338744f61a02 -> 
  custom:video-encoder-webm-vp8: eb34c28f22e8b96e1ab97ce403110664 -> 
  custom:video-codec-MediaFoundation-h265: 746d11721c4dcdbdad8f713fa42b33f4 -> 
  custom:audio-encoder-webm-vorbis: bf7c407c2cedff20999df2af8eb42d56 -> 
  custom:framework-win-MediaFoundation: 216162199b28c13a410421893ffa2e32 -> 
  custom:container-demuxer-ogg: 62fdf1f143b41e24485cea50d1cbac27 -> 
  custom:video-decoder-webm-vp8: 9c59270c3fd7afecdb556c50c9e8de78 -> 
  custom:audio-decoder-ogg-vorbis: bf7c407c2cedff20999df2af8eb42d56 -> 
========================================================================
Received Import Request.
  Time since last request: 138866.355476 seconds.
  path: Assets/Game_music/Sound Files for Madregora/264828__cmdrobot__text-message-or-videogame-jump.ogg
  artifactKey: Guid(e38a907f55d04c342976792e4021e5d8) Importer(815301076,1909f56bfc062723c751e8b465ee728b)
Start importing Assets/Game_music/Sound Files for Madregora/264828__cmdrobot__text-message-or-videogame-jump.ogg using Guid(e38a907f55d04c342976792e4021e5d8) Importer(815301076,1909f56bfc062723c751e8b465ee728b)  -> (artifact id: 'ea99f82100784a12d8c43f94f256473d') in 0.290505 seconds 
========================================================================
Received Import Request.
  Time since last request: 0.000022 seconds.
  path: Assets/Game_music/Sound Files for Madregora/586921__beetlemuse__panophobia.wav
  artifactKey: Guid(52ab2ac5d2c77884a80d4c907e8a7480) Importer(815301076,1909f56bfc062723c751e8b465ee728b)
Start importing Assets/Game_music/Sound Files for Madregora/586921__beetlemuse__panophobia.wav using Guid(52ab2ac5d2c77884a80d4c907e8a7480) Importer(815301076,1909f56bfc062723c751e8b465ee728b)  -> (artifact id: 'f05bb10b4f7de2d1cbf061bf374cc3dd') in 0.024642 seconds 
========================================================================
Received Import Request.
  Time since last request: 0.000085 seconds.
  path: Assets/Game_music/Sound Files for Madregora/146726__leszek-szary__jumping.wav
  artifactKey: Guid(61004c7a56249d343983766b2e1d0d86) Importer(815301076,1909f56bfc062723c751e8b465ee728b)
Start importing Assets/Game_music/Sound Files for Madregora/146726__leszek-szary__jumping.wav using Guid(61004c7a56249d343983766b2e1d0d86) Importer(815301076,1909f56bfc062723c751e8b465ee728b)  -> (artifact id: '77f1daf3e5280dc2d215a2b1590e82bb') in 0.016487 seconds 
========================================================================
Received Import Request.
  Time since last request: 0.000025 seconds.
  path: Assets/Game_music/Sound Files for Madregora/287365__modularsamples__fender-chroma-polaris-little-rascal-a-2-46a-1-zcry.wav
  artifactKey: Guid(7be96693115bbb942bc7d676e39e084b) Importer(815301076,1909f56bfc062723c751e8b465ee728b)
Start importing Assets/Game_music/Sound Files for Madregora/287365__modularsamples__fender-chroma-polaris-little-rascal-a-2-46a-1-zcry.wav using Guid(7be96693115bbb942bc7d676e39e084b) Importer(815301076,1909f56bfc062723c751e8b465ee728b)  -> (artifact id: 'b462cc46938dc31547f47f560fec1d39') in 0.018841 seconds 
========================================================================
Received Import Request.
  Time since last request: 0.000035 seconds.
  path: Assets/Game_music/Sound Files for Madregora/505422__beetlemuse__killer-clown-amusement-park-haunted-house.wav
  artifactKey: Guid(a6257d2cbf27df640b01b23026c97a90) Importer(815301076,1909f56bfc062723c751e8b465ee728b)
Start importing Assets/Game_music/Sound Files for Madregora/505422__beetlemuse__killer-clown-amusement-park-haunted-house.wav using Guid(a6257d2cbf27df640b01b23026c97a90) Importer(815301076,1909f56bfc062723c751e8b465ee728b)  -> (artifact id: '985bdc106a250aca38b12b2cdd9d439b') in 0.015571 seconds 
========================================================================
Received Import Request.
  Time since last request: 0.000023 seconds.
  path: Assets/Game_music/Sound Files for Madregora/287375__modularsamples__fender-chroma-polaris-little-rascal-d-3-51d-2-72t6.wav
  artifactKey: Guid(f46a743ff6be5884083c7f9323614ee4) Importer(815301076,1909f56bfc062723c751e8b465ee728b)
Start importing Assets/Game_music/Sound Files for Madregora/287375__modularsamples__fender-chroma-polaris-little-rascal-d-3-51d-2-72t6.wav using Guid(f46a743ff6be5884083c7f9323614ee4) Importer(815301076,1909f56bfc062723c751e8b465ee728b)  -> (artifact id: 'd69c7fc6b44f970be19cbfb8ae7ef6b9') in 0.017541 seconds 
========================================================================
Received Import Request.
  Time since last request: 0.000023 seconds.
  path: Assets/Game_music/Sound Files for Madregora/448817__arc241__squeaky-toy-2 (1).wav
  artifactKey: Guid(aaa0ba3db11f4164cb7b71fb637e81a4) Importer(815301076,1909f56bfc062723c751e8b465ee728b)
Start importing Assets/Game_music/Sound Files for Madregora/448817__arc241__squeaky-toy-2 (1).wav using Guid(aaa0ba3db11f4164cb7b71fb637e81a4) Importer(815301076,1909f56bfc062723c751e8b465ee728b)  -> (artifact id: '8aad3d12eb5d27ccc66b59c4f772a55c') in 0.019032 seconds 
========================================================================
Received Import Request.
  Time since last request: 0.000120 seconds.
  path: Assets/Game_music/Sound Files for Madregora/251611__inplay__clown-horn.mp3
  artifactKey: Guid(6c31a8c2ac0128946b8a43adc5219844) Importer(815301076,1909f56bfc062723c751e8b465ee728b)
Start importing Assets/Game_music/Sound Files for Madregora/251611__inplay__clown-horn.mp3 using Guid(6c31a8c2ac0128946b8a43adc5219844) Importer(815301076,1909f56bfc062723c751e8b465ee728b)  -> (artifact id: '77f10198b5058960e9e0a9c2fd9a3df1') in 0.022964 seconds 
========================================================================
Received Import Request.
  Time since last request: 0.000017 seconds.
  path: Assets/Game_music/Sound Files for Madregora/563568__beetlemuse__blip-sfx.wav
  artifactKey: Guid(617a78b97dd764b48968b4a45ee24b25) Importer(815301076,1909f56bfc062723c751e8b465ee728b)
Start importing Assets/Game_music/Sound Files for Madregora/563568__beetlemuse__blip-sfx.wav using Guid(617a78b97dd764b48968b4a45ee24b25) Importer(815301076,1909f56bfc062723c751e8b465ee728b)  -> (artifact id: '3114bb6fe13bb103358dd532b3dca2d4') in 0.020499 seconds 
========================================================================
Received Import Request.
  Time since last request: 0.000076 seconds.
  path: Assets/Game_music/Sound Files for Madregora/159408__noirenex__life-lost-game-over.wav
  artifactKey: Guid(4d2ac68190ddd69469540c2b4327598d) Importer(815301076,1909f56bfc062723c751e8b465ee728b)
Start importing Assets/Game_music/Sound Files for Madregora/159408__noirenex__life-lost-game-over.wav using Guid(4d2ac68190ddd69469540c2b4327598d) Importer(815301076,1909f56bfc062723c751e8b465ee728b)  -> (artifact id: 'c3b3cb166396f05d92d0896c18bb0901') in 0.021786 seconds 
========================================================================
Received Import Request.
  Time since last request: 0.000072 seconds.
  path: Assets/Game_music/Sound Files for Madregora/587253__beetlemuse__dat-s-wrong.wav
  artifactKey: Guid(07a4624ba77f84a4eaad6b39e836545b) Importer(815301076,1909f56bfc062723c751e8b465ee728b)
Start importing Assets/Game_music/Sound Files for Madregora/587253__beetlemuse__dat-s-wrong.wav using Guid(07a4624ba77f84a4eaad6b39e836545b) Importer(815301076,1909f56bfc062723c751e8b465ee728b)  -> (artifact id: 'a2219bf3100a9a793a03a50a3a1c64de') in 0.021152 seconds 
========================================================================
Received Import Request.
  Time since last request: 0.000022 seconds.
  path: Assets/Game_music/Sound Files for Madregora/332388__felisleopard__toy-drum-medium-hit.wav
  artifactKey: Guid(80fb017284239b845ae0db62d8b2cb6e) Importer(815301076,1909f56bfc062723c751e8b465ee728b)
Start importing Assets/Game_music/Sound Files for Madregora/332388__felisleopard__toy-drum-medium-hit.wav using Guid(80fb017284239b845ae0db62d8b2cb6e) Importer(815301076,1909f56bfc062723c751e8b465ee728b)  -> (artifact id: '7e0c25ea0a4d9a4c64889b55ea6d4fa3') in 0.019380 seconds 
========================================================================
Received Import Request.
  Time since last request: 0.000021 seconds.
  path: Assets/Game_music/Sound Files for Madregora/82054__solitaryplace__sword-resonant.wav
  artifactKey: Guid(27a169c58fe7082458b8b2b96a4d2152) Importer(815301076,1909f56bfc062723c751e8b465ee728b)
Start importing Assets/Game_music/Sound Files for Madregora/82054__solitaryplace__sword-resonant.wav using Guid(27a169c58fe7082458b8b2b96a4d2152) Importer(815301076,1909f56bfc062723c751e8b465ee728b)  -> (artifact id: '89ed96ea49052f32684501f7e9a6e141') in 0.016980 seconds 
Editor requested this worker to shutdown with reason: Scaling down because of idle timeout
AssetImportWorker is now disconnected from the server
Process exiting
Exiting without the bug reporter. Application will terminate with return code 0